c:\users\rbo\repos\microimagelib\vcxprojs\libapi\x64\debug\vc143.pdb
c:\users\rbo\repos\microimagelib\vcxprojs\libapi\x64\debug\vc143.idb
c:\users\rbo\repos\microimagelib\vcxprojs\libapi\x64\debug\api_reg.obj
c:\users\rbo\repos\microimagelib\vcxprojs\libapi\x64\debug\api_decon.obj
c:\users\rbo\repos\microimagelib\vcxprojs\libapi\x64\debug\apifunc.obj
c:\users\rbo\repos\microimagelib\vcxprojs\libapi\x64\debug\api_powell.obj
c:\users\rbo\repos\microimagelib\vcxprojs\libapi\x64\debug\api_subfunc.cu.obj
c:\users\rbo\repos\microimagelib\bin\win\libapi.dll
c:\users\rbo\repos\microimagelib\bin\win\libapi.pdb
c:\users\rbo\repos\microimagelib\bin\win\libapi.lib
c:\users\rbo\repos\microimagelib\bin\win\libapi.exp
c:\users\rbo\repos\microimagelib\vcxprojs\libapi\x64\debug\libapi.ilk
c:\users\rbo\repos\microimagelib\vcxprojs\libapi\x64\debug\api_subfunc.cu.cache
c:\users\rbo\repos\microimagelib\vcxprojs\libapi\x64\debug\libapi.tlog\cl.command.1.tlog
c:\users\rbo\repos\microimagelib\vcxprojs\libapi\x64\debug\libapi.tlog\cl.items.tlog
c:\users\rbo\repos\microimagelib\vcxprojs\libapi\x64\debug\libapi.tlog\cl.read.1.tlog
c:\users\rbo\repos\microimagelib\vcxprojs\libapi\x64\debug\libapi.tlog\cl.write.1.tlog
c:\users\rbo\repos\microimagelib\vcxprojs\libapi\x64\debug\libapi.tlog\cudacompile.read.1u.tlog
c:\users\rbo\repos\microimagelib\vcxprojs\libapi\x64\debug\libapi.tlog\cudacompile.write.1u.tlog
c:\users\rbo\repos\microimagelib\vcxprojs\libapi\x64\debug\libapi.tlog\link.command.1.tlog
c:\users\rbo\repos\microimagelib\vcxprojs\libapi\x64\debug\libapi.tlog\link.read.1.tlog
c:\users\rbo\repos\microimagelib\vcxprojs\libapi\x64\debug\libapi.tlog\link.secondary.1.tlog
c:\users\rbo\repos\microimagelib\vcxprojs\libapi\x64\debug\libapi.tlog\link.write.1.tlog
